<?xml version="1.0" encoding="UTF-8"?>
<beans xmlns="http://www.springframework.org/schema/beans" xmlns:xsi="http://www.w3.org/2001/XMLSchema-instance"
       xmlns:p="http://www.springframework.org/schema/p" xmlns:context="http://www.springframework.org/schema/context"
       xmlns:tx="http://www.springframework.org/schema/tx"
       xsi:schemaLocation="
			http://www.springframework.org/schema/beans http://www.springframework.org/schema/beans/spring-beans.xsd
			http://www.springframework.org/schema/context http://www.springframework.org/schema/context/spring-context.xsd
			http://www.springframework.org/schema/tx http://www.springframework.org/schema/tx/spring-tx.xsd">

    <!--makes available ${} properties placeholders-->
    <context:property-placeholder location="classpath:jdbc.properties"/>

    <!--define your datasources here-->
    <bean id="dataSource" class="org.apache.commons.dbcp.BasicDataSource"
          p:driverClassName="${jdbc.driverClassName}"
          p:url="${jdbc.url}"
          p:username="${jdbc.username}"
          p:password="${jdbc.password}"/>

    <bean id="entityManagerFactory" class="org.springframework.orm.jpa.LocalContainerEntityManagerFactoryBean">

        <property name="persistenceProviderClass" value="org.hibernate.ejb.HibernatePersistence"/>
        <property name="persistenceXmlLocation" value="classpath:META-INF/persistence.xml"/>
        <property name="dataSource" ref="dataSource"/>

        <property name="jpaProperties">
            <props>
                <prop key="hibernate.show_sql">TRUE</prop>
                <prop key="hibernate.generate_statistics">TRUE</prop>
            </props>
        </property>

    </bean>

    <!-- post-processors for all standard config annotations -->
    <context:annotation-config/>

    <!--the package where all DAOs are-->
    <context:component-scan base-package="advboard"/>

    <!--Transactions can be defined through annotations, aspects, or using JTA -->
    <tx:annotation-driven/>

    <!--Local transactions are dependent on data service (Jpa, Jdbc, Hibernta...)
    You must use an appropriate one.-->
    <bean id="transactionManager" class="org.springframework.orm.jpa.JpaTransactionManager"
          p:entityManagerFactory-ref="entityManagerFactory"/>


</beans>


